07/21/25-21:20:30 - Debug trail. User: mantomat, config folder: /Users/mantomat/.battery, logfile: /Users/mantomat/.battery/battery.log, file called with 1: maintain_synchronous, 2: recover
07/21/25-21:20:30 - Recovering maintenance percentage 80
07/21/25-21:20:30 - Not triggering discharge as it is not requested
07/21/25-21:20:32 - Charging to and maintaining at 80% from 83%
07/21/25-21:20:32 - Charge above 80
07/21/25-21:20:32 - 🔌🪫 Disabling battery charging
07/21/25-21:20:33 - MagSafe LED function invoked
07/21/25-21:20:33 - 💡 Setting magsafe color to green
07/21/25-21:20:33 - setting LED to green
Error: SMCWriteKey() = e00002bc
07/21/25-21:20:35 - Debug trail. User: mantomat, config folder: /Users/mantomat/.battery, logfile: /Users/mantomat/.battery/battery.log, file called with 1: maintain_synchronous, 2: recover
07/21/25-21:20:35 - Recovering maintenance percentage 80
07/21/25-21:20:35 - Not triggering discharge as it is not requested
07/21/25-21:20:35 - Charging to and maintaining at 80% from 83%
07/21/25-21:20:35 - Charge above 80
07/21/25-21:20:35 - 🔌🪫 Disabling battery charging
07/21/25-21:20:35 - MagSafe LED function invoked
07/21/25-21:20:35 - 💡 Setting magsafe color to green
07/21/25-21:20:35 - setting LED to green
Error: SMCWriteKey() = e00002bc
07/21/25-21:20:37 - Not triggering discharge as it is not requested
07/21/25-21:20:37 - Charging to and maintaining at 80% from 83%
07/21/25-21:28:38 - Charge below 80
07/21/25-21:28:38 - 🔌🔋 Enabling battery charging
07/21/25-21:28:38 - 🔼🪫 Disabling battery discharging
07/21/25-21:28:38 - MagSafe LED function invoked
07/21/25-21:28:38 - 💡 Setting magsafe color to orange
07/21/25-21:28:38 - setting LED to orange
Error: SMCWriteKey() = e00002bc
07/21/25-21:42:40 - Charge above 80
07/21/25-21:42:40 - 🔌🪫 Disabling battery charging
07/21/25-21:42:40 - MagSafe LED function invoked
07/21/25-21:42:40 - 💡 Setting magsafe color to green
07/21/25-21:42:40 - setting LED to green
Error: SMCWriteKey() = e00002bc
07/21/25-21:43:40 - Charge above 80
07/21/25-21:43:40 - MagSafe LED function invoked
07/21/25-21:43:40 - 💡 Setting magsafe color to green
07/21/25-21:43:40 - setting LED to green
Error: SMCWriteKey() = e00002bc
07/21/25-21:44:40 - Charge above 80
07/21/25-21:44:40 - MagSafe LED function invoked
07/21/25-21:44:40 - 💡 Setting magsafe color to green
07/21/25-21:44:40 - setting LED to green
Error: SMCWriteKey() = e00002bc
07/21/25-21:45:40 - Charge above 80
07/21/25-21:45:40 - MagSafe LED function invoked
07/21/25-21:45:40 - 💡 Setting magsafe color to green
07/21/25-21:45:40 - setting LED to green
Error: SMCWriteKey() = e00002bc
07/21/25-21:46:40 - Charge above 80
07/21/25-21:46:40 - MagSafe LED function invoked
07/21/25-21:46:41 - 💡 Setting magsafe color to green
07/21/25-21:46:41 - setting LED to green
Error: SMCWriteKey() = e00002bc
07/21/25-21:47:41 - Charge above 80
07/21/25-21:47:41 - MagSafe LED function invoked
07/21/25-21:47:41 - 💡 Setting magsafe color to green
07/21/25-21:47:41 - setting LED to green
Error: SMCWriteKey() = e00002bc
07/21/25-21:48:41 - Charge above 80
07/21/25-21:48:41 - MagSafe LED function invoked
07/21/25-21:48:41 - 💡 Setting magsafe color to green
07/21/25-21:48:41 - setting LED to green
Error: SMCWriteKey() = e00002bc
07/21/25-21:49:41 - Charge above 80
07/21/25-21:49:41 - MagSafe LED function invoked
07/21/25-21:49:41 - 💡 Setting magsafe color to green
07/21/25-21:49:41 - setting LED to green
Error: SMCWriteKey() = e00002bc
07/21/25-21:50:41 - Charge above 80
07/21/25-21:50:41 - MagSafe LED function invoked
07/21/25-21:50:41 - 💡 Setting magsafe color to green
07/21/25-21:50:41 - setting LED to green
Error: SMCWriteKey() = e00002bc
07/21/25-21:51:41 - Charge above 80
07/21/25-21:51:41 - MagSafe LED function invoked
07/21/25-21:51:41 - 💡 Setting magsafe color to green
07/21/25-21:51:41 - setting LED to green
Error: SMCWriteKey() = e00002bc
07/21/25-21:52:41 - Charge above 80
07/21/25-21:52:41 - MagSafe LED function invoked
07/21/25-21:52:41 - 💡 Setting magsafe color to green
07/21/25-21:52:41 - setting LED to green
Error: SMCWriteKey() = e00002bc
07/21/25-21:53:42 - Charge above 80
07/21/25-21:53:42 - MagSafe LED function invoked
07/21/25-21:53:42 - 💡 Setting magsafe color to green
07/21/25-21:53:42 - setting LED to green
Error: SMCWriteKey() = e00002bc
07/21/25-21:54:42 - Charge above 80
07/21/25-21:54:42 - MagSafe LED function invoked
07/21/25-21:54:42 - 💡 Setting magsafe color to green
07/21/25-21:54:42 - setting LED to green
Error: SMCWriteKey() = e00002bc
07/21/25-21:55:42 - Charge above 80
07/21/25-21:55:42 - MagSafe LED function invoked
07/21/25-21:55:42 - 💡 Setting magsafe color to green
07/21/25-21:55:42 - setting LED to green
Error: SMCWriteKey() = e00002bc
07/21/25-21:56:42 - Charge above 80
07/21/25-21:56:42 - MagSafe LED function invoked
07/21/25-21:56:42 - 💡 Setting magsafe color to green
07/21/25-21:56:42 - setting LED to green
Error: SMCWriteKey() = e00002bc
07/21/25-21:57:42 - Charge above 80
07/21/25-21:57:42 - MagSafe LED function invoked
07/21/25-21:57:42 - 💡 Setting magsafe color to green
07/21/25-21:57:42 - setting LED to green
Error: SMCWriteKey() = e00002bc
07/21/25-21:58:42 - Charge above 80
07/21/25-21:58:42 - MagSafe LED function invoked
07/21/25-21:58:42 - 💡 Setting magsafe color to green
07/21/25-21:58:42 - setting LED to green
Error: SMCWriteKey() = e00002bc
07/21/25-21:59:43 - Charge above 80
07/21/25-21:59:43 - MagSafe LED function invoked
07/21/25-21:59:43 - 💡 Setting magsafe color to green
07/21/25-21:59:43 - setting LED to green
Error: SMCWriteKey() = e00002bc
07/21/25-22:00:43 - Charge above 80
07/21/25-22:00:43 - MagSafe LED function invoked
07/21/25-22:00:43 - 💡 Setting magsafe color to green
07/21/25-22:00:43 - setting LED to green
Error: SMCWriteKey() = e00002bc
07/21/25-22:01:43 - Charge above 80
07/21/25-22:01:43 - MagSafe LED function invoked
07/21/25-22:01:43 - 💡 Setting magsafe color to green
07/21/25-22:01:43 - setting LED to green
Error: SMCWriteKey() = e00002bc
07/21/25-22:02:43 - Charge above 80
07/21/25-22:02:43 - MagSafe LED function invoked
07/21/25-22:02:43 - 💡 Setting magsafe color to green
07/21/25-22:02:43 - setting LED to green
Error: SMCWriteKey() = e00002bc
07/21/25-22:03:43 - Charge above 80
07/21/25-22:03:43 - MagSafe LED function invoked
07/21/25-22:03:43 - 💡 Setting magsafe color to green
07/21/25-22:03:43 - setting LED to green
Error: SMCWriteKey() = e00002bc
07/21/25-22:04:43 - Charge above 80
07/21/25-22:04:43 - MagSafe LED function invoked
07/21/25-22:04:43 - 💡 Setting magsafe color to green
07/21/25-22:04:43 - setting LED to green
Error: SMCWriteKey() = e00002bc
07/21/25-22:05:44 - Charge above 80
07/21/25-22:05:44 - MagSafe LED function invoked
07/21/25-22:05:44 - 💡 Setting magsafe color to green
07/21/25-22:05:44 - setting LED to green
Error: SMCWriteKey() = e00002bc
07/21/25-22:06:44 - Charge above 80
07/21/25-22:06:44 - MagSafe LED function invoked
07/21/25-22:06:44 - 💡 Setting magsafe color to green
07/21/25-22:06:44 - setting LED to green
Error: SMCWriteKey() = e00002bc
07/21/25-22:07:44 - Charge above 80
07/21/25-22:07:44 - MagSafe LED function invoked
07/21/25-22:07:44 - 💡 Setting magsafe color to green
07/21/25-22:07:44 - setting LED to green
Error: SMCWriteKey() = e00002bc
07/21/25-22:08:44 - Charge above 80
07/21/25-22:08:44 - MagSafe LED function invoked
07/21/25-22:08:44 - 💡 Setting magsafe color to green
07/21/25-22:08:44 - setting LED to green
Error: SMCWriteKey() = e00002bc
07/21/25-22:09:44 - Charge above 80
07/21/25-22:09:44 - MagSafe LED function invoked
07/21/25-22:09:44 - 💡 Setting magsafe color to green
07/21/25-22:09:44 - setting LED to green
Error: SMCWriteKey() = e00002bc
07/21/25-22:10:44 - Charge above 80
07/21/25-22:10:45 - MagSafe LED function invoked
07/21/25-22:10:45 - 💡 Setting magsafe color to green
07/21/25-22:10:45 - setting LED to green
Error: SMCWriteKey() = e00002bc
07/21/25-22:11:45 - Charge above 80
07/21/25-22:11:45 - MagSafe LED function invoked
07/21/25-22:11:45 - 💡 Setting magsafe color to green
07/21/25-22:11:45 - setting LED to green
Error: SMCWriteKey() = e00002bc
07/21/25-22:12:45 - Charge above 80
07/21/25-22:12:45 - MagSafe LED function invoked
07/21/25-22:12:45 - 💡 Setting magsafe color to green
07/21/25-22:12:45 - setting LED to green
Error: SMCWriteKey() = e00002bc
07/21/25-22:13:45 - Charge above 80
07/21/25-22:13:45 - MagSafe LED function invoked
07/21/25-22:13:45 - 💡 Setting magsafe color to green
07/21/25-22:13:45 - setting LED to green
Error: SMCWriteKey() = e00002bc
07/21/25-22:14:45 - Charge above 80
07/21/25-22:14:45 - MagSafe LED function invoked
07/21/25-22:14:45 - 💡 Setting magsafe color to green
07/21/25-22:14:45 - setting LED to green
Error: SMCWriteKey() = e00002bc
07/21/25-22:15:45 - Charge above 80
07/21/25-22:15:45 - MagSafe LED function invoked
07/21/25-22:15:45 - 💡 Setting magsafe color to green
07/21/25-22:15:45 - setting LED to green
Error: SMCWriteKey() = e00002bc
07/21/25-22:16:46 - Charge above 80
07/21/25-22:16:46 - MagSafe LED function invoked
07/21/25-22:16:46 - 💡 Setting magsafe color to green
07/21/25-22:16:46 - setting LED to green
Error: SMCWriteKey() = e00002bc
07/21/25-22:17:46 - Charge above 80
07/21/25-22:17:46 - MagSafe LED function invoked
07/21/25-22:17:46 - 💡 Setting magsafe color to green
07/21/25-22:17:46 - setting LED to green
Error: SMCWriteKey() = e00002bc
07/21/25-22:18:46 - Charge above 80
07/21/25-22:18:46 - MagSafe LED function invoked
07/21/25-22:18:46 - 💡 Setting magsafe color to green
07/21/25-22:18:46 - setting LED to green
Error: SMCWriteKey() = e00002bc
07/21/25-22:19:46 - Charge above 80
07/21/25-22:19:46 - MagSafe LED function invoked
07/21/25-22:19:46 - 💡 Setting magsafe color to green
07/21/25-22:19:46 - setting LED to green
Error: SMCWriteKey() = e00002bc
07/21/25-22:20:46 - Charge above 80
07/21/25-22:20:46 - MagSafe LED function invoked
07/21/25-22:20:46 - 💡 Setting magsafe color to green
07/21/25-22:20:46 - setting LED to green
Error: SMCWriteKey() = e00002bc
07/21/25-22:21:46 - Charge above 80
07/21/25-22:21:46 - MagSafe LED function invoked
07/21/25-22:21:46 - 💡 Setting magsafe color to green
07/21/25-22:21:46 - setting LED to green
Error: SMCWriteKey() = e00002bc
07/21/25-22:22:47 - Charge above 80
07/21/25-22:22:47 - MagSafe LED function invoked
07/21/25-22:22:47 - 💡 Setting magsafe color to green
07/21/25-22:22:47 - setting LED to green
Error: SMCWriteKey() = e00002bc
07/21/25-22:23:47 - Charge above 80
07/21/25-22:23:47 - MagSafe LED function invoked
07/21/25-22:23:47 - 💡 Setting magsafe color to green
07/21/25-22:23:47 - setting LED to green
Error: SMCWriteKey() = e00002bc
07/21/25-22:24:47 - Charge above 80
07/21/25-22:24:47 - MagSafe LED function invoked
07/21/25-22:24:47 - 💡 Setting magsafe color to green
07/21/25-22:24:47 - setting LED to green
Error: SMCWriteKey() = e00002bc
07/21/25-22:25:47 - Charge above 80
07/21/25-22:25:47 - MagSafe LED function invoked
07/21/25-22:25:47 - 💡 Setting magsafe color to green
07/21/25-22:25:47 - setting LED to green
Error: SMCWriteKey() = e00002bc
07/21/25-22:26:47 - Charge above 80
07/21/25-22:26:47 - MagSafe LED function invoked
07/21/25-22:26:47 - 💡 Setting magsafe color to green
07/21/25-22:26:47 - setting LED to green
Error: SMCWriteKey() = e00002bc
07/21/25-22:27:47 - Charge above 80
07/21/25-22:27:47 - MagSafe LED function invoked
07/21/25-22:27:47 - 💡 Setting magsafe color to green
07/21/25-22:27:47 - setting LED to green
Error: SMCWriteKey() = e00002bc
07/21/25-22:28:48 - Charge above 80
07/21/25-22:28:48 - MagSafe LED function invoked
07/21/25-22:28:48 - 💡 Setting magsafe color to green
07/21/25-22:28:48 - setting LED to green
Error: SMCWriteKey() = e00002bc
07/21/25-22:29:48 - Charge above 80
07/21/25-22:29:48 - MagSafe LED function invoked
07/21/25-22:29:48 - 💡 Setting magsafe color to green
07/21/25-22:29:48 - setting LED to green
Error: SMCWriteKey() = e00002bc
07/21/25-22:30:48 - Charge above 80
07/21/25-22:30:48 - MagSafe LED function invoked
07/21/25-22:30:48 - 💡 Setting magsafe color to green
07/21/25-22:30:48 - setting LED to green
Error: SMCWriteKey() = e00002bc
07/21/25-22:31:48 - Charge above 80
07/21/25-22:31:48 - MagSafe LED function invoked
07/21/25-22:31:48 - 💡 Setting magsafe color to green
07/21/25-22:31:48 - setting LED to green
Error: SMCWriteKey() = e00002bc
07/21/25-22:32:48 - Charge above 80
07/21/25-22:32:48 - MagSafe LED function invoked
07/21/25-22:32:48 - 💡 Setting magsafe color to green
07/21/25-22:32:48 - setting LED to green
Error: SMCWriteKey() = e00002bc
07/21/25-22:33:48 - Charge above 80
07/21/25-22:33:48 - MagSafe LED function invoked
07/21/25-22:33:48 - 💡 Setting magsafe color to green
07/21/25-22:33:48 - setting LED to green
Error: SMCWriteKey() = e00002bc
07/21/25-22:34:49 - Charge above 80
07/21/25-22:34:49 - MagSafe LED function invoked
07/21/25-22:34:49 - 💡 Setting magsafe color to green
07/21/25-22:34:49 - setting LED to green
Error: SMCWriteKey() = e00002bc
07/21/25-22:35:49 - Charge above 80
07/21/25-22:35:49 - MagSafe LED function invoked
07/21/25-22:35:49 - 💡 Setting magsafe color to green
07/21/25-22:35:49 - setting LED to green
Error: SMCWriteKey() = e00002bc
07/21/25-22:36:49 - Charge above 80
07/21/25-22:36:49 - MagSafe LED function invoked
07/21/25-22:36:49 - 💡 Setting magsafe color to green
07/21/25-22:36:49 - setting LED to green
Error: SMCWriteKey() = e00002bc
07/21/25-22:37:49 - Charge above 80
07/21/25-22:37:49 - MagSafe LED function invoked
07/21/25-22:37:49 - 💡 Setting magsafe color to green
07/21/25-22:37:49 - setting LED to green
Error: SMCWriteKey() = e00002bc
07/21/25-22:38:49 - Charge above 80
07/21/25-22:38:49 - MagSafe LED function invoked
07/21/25-22:38:49 - 💡 Setting magsafe color to green
07/21/25-22:38:49 - setting LED to green
Error: SMCWriteKey() = e00002bc
07/21/25-22:39:49 - Charge above 80
07/21/25-22:39:49 - MagSafe LED function invoked
07/21/25-22:39:49 - 💡 Setting magsafe color to green
07/21/25-22:39:49 - setting LED to green
Error: SMCWriteKey() = e00002bc
07/21/25-22:40:50 - Charge above 80
07/21/25-22:40:50 - MagSafe LED function invoked
07/21/25-22:40:50 - 💡 Setting magsafe color to green
07/21/25-22:40:50 - setting LED to green
Error: SMCWriteKey() = e00002bc
07/21/25-22:41:50 - Charge above 80
07/21/25-22:41:50 - MagSafe LED function invoked
07/21/25-22:41:50 - 💡 Setting magsafe color to green
07/21/25-22:41:50 - setting LED to green
Error: SMCWriteKey() = e00002bc
07/21/25-22:42:50 - Charge above 80
07/21/25-22:42:50 - MagSafe LED function invoked
07/21/25-22:42:50 - 💡 Setting magsafe color to green
07/21/25-22:42:50 - setting LED to green
Error: SMCWriteKey() = e00002bc
07/21/25-22:43:50 - Charge above 80
07/21/25-22:43:50 - MagSafe LED function invoked
07/21/25-22:43:50 - 💡 Setting magsafe color to green
07/21/25-22:43:50 - setting LED to green
Error: SMCWriteKey() = e00002bc
07/21/25-22:44:50 - Charge above 80
07/21/25-22:44:50 - MagSafe LED function invoked
07/21/25-22:44:50 - 💡 Setting magsafe color to green
07/21/25-22:44:50 - setting LED to green
Error: SMCWriteKey() = e00002bc
07/21/25-22:45:51 - Charge above 80
07/21/25-22:45:51 - MagSafe LED function invoked
07/21/25-22:45:51 - 💡 Setting magsafe color to green
07/21/25-22:45:51 - setting LED to green
Error: SMCWriteKey() = e00002bc
07/21/25-22:46:51 - Charge above 80
07/21/25-22:46:51 - MagSafe LED function invoked
07/21/25-22:46:51 - 💡 Setting magsafe color to green
07/21/25-22:46:51 - setting LED to green
Error: SMCWriteKey() = e00002bc
07/21/25-22:47:51 - Charge above 80
07/21/25-22:47:51 - MagSafe LED function invoked
07/21/25-22:47:51 - 💡 Setting magsafe color to green
07/21/25-22:47:51 - setting LED to green
Error: SMCWriteKey() = e00002bc
07/21/25-22:48:51 - Charge above 80
07/21/25-22:48:51 - MagSafe LED function invoked
07/21/25-22:48:51 - 💡 Setting magsafe color to green
07/21/25-22:48:51 - setting LED to green
Error: SMCWriteKey() = e00002bc
07/21/25-22:49:51 - Charge above 80
07/21/25-22:49:51 - MagSafe LED function invoked
07/21/25-22:49:51 - 💡 Setting magsafe color to green
07/21/25-22:49:51 - setting LED to green
Error: SMCWriteKey() = e00002bc
07/21/25-22:50:52 - Charge above 80
07/21/25-22:50:52 - MagSafe LED function invoked
07/21/25-22:50:52 - 💡 Setting magsafe color to green
07/21/25-22:50:52 - setting LED to green
Error: SMCWriteKey() = e00002bc
07/21/25-22:51:52 - Charge above 80
07/21/25-22:51:52 - MagSafe LED function invoked
07/21/25-22:51:52 - 💡 Setting magsafe color to green
07/21/25-22:51:52 - setting LED to green
Error: SMCWriteKey() = e00002bc
07/21/25-22:52:52 - Charge above 80
07/21/25-22:52:52 - MagSafe LED function invoked
07/21/25-22:52:52 - 💡 Setting magsafe color to green
07/21/25-22:52:52 - setting LED to green
Error: SMCWriteKey() = e00002bc
07/21/25-22:53:52 - Charge above 80
07/21/25-22:53:52 - MagSafe LED function invoked
07/21/25-22:53:52 - 💡 Setting magsafe color to green
07/21/25-22:53:52 - setting LED to green
Error: SMCWriteKey() = e00002bc
07/21/25-22:54:52 - Charge above 80
07/21/25-22:54:53 - MagSafe LED function invoked
07/21/25-22:54:53 - 💡 Setting magsafe color to green
07/21/25-22:54:53 - setting LED to green
Error: SMCWriteKey() = e00002bc
07/21/25-22:55:53 - Charge above 80
07/21/25-22:55:53 - MagSafe LED function invoked
07/21/25-22:55:53 - 💡 Setting magsafe color to green
07/21/25-22:55:53 - setting LED to green
Error: SMCWriteKey() = e00002bc
07/21/25-22:56:53 - Charge above 80
07/21/25-22:56:53 - MagSafe LED function invoked
07/21/25-22:56:53 - 💡 Setting magsafe color to green
07/21/25-22:56:53 - setting LED to green
Error: SMCWriteKey() = e00002bc
07/21/25-22:57:53 - Charge above 80
07/21/25-22:57:53 - MagSafe LED function invoked
07/21/25-22:57:53 - 💡 Setting magsafe color to green
07/21/25-22:57:53 - setting LED to green
Error: SMCWriteKey() = e00002bc
07/21/25-22:58:53 - Charge above 80
07/21/25-22:58:53 - MagSafe LED function invoked
07/21/25-22:58:53 - 💡 Setting magsafe color to green
07/21/25-22:58:53 - setting LED to green
Error: SMCWriteKey() = e00002bc
07/21/25-22:59:53 - Charge above 80
07/21/25-22:59:53 - MagSafe LED function invoked
07/21/25-22:59:53 - 💡 Setting magsafe color to green
07/21/25-22:59:53 - setting LED to green
Error: SMCWriteKey() = e00002bc
07/21/25-23:00:54 - Charge above 80
07/21/25-23:00:54 - MagSafe LED function invoked
07/21/25-23:00:54 - 💡 Setting magsafe color to green
07/21/25-23:00:54 - setting LED to green
Error: SMCWriteKey() = e00002bc
07/21/25-23:01:54 - Charge above 80
07/21/25-23:01:54 - MagSafe LED function invoked
07/21/25-23:01:54 - 💡 Setting magsafe color to green
07/21/25-23:01:54 - setting LED to green
Error: SMCWriteKey() = e00002bc
07/21/25-23:02:54 - Charge above 80
07/21/25-23:02:54 - MagSafe LED function invoked
07/21/25-23:02:54 - 💡 Setting magsafe color to green
07/21/25-23:02:54 - setting LED to green
Error: SMCWriteKey() = e00002bc
07/21/25-23:03:54 - Charge above 80
07/21/25-23:03:54 - MagSafe LED function invoked
07/21/25-23:03:54 - 💡 Setting magsafe color to green
07/21/25-23:03:54 - setting LED to green
Error: SMCWriteKey() = e00002bc
07/21/25-23:04:54 - Charge above 80
07/21/25-23:04:54 - MagSafe LED function invoked
07/21/25-23:04:54 - 💡 Setting magsafe color to green
07/21/25-23:04:54 - setting LED to green
Error: SMCWriteKey() = e00002bc
07/21/25-23:05:54 - Charge above 80
07/21/25-23:05:54 - MagSafe LED function invoked
07/21/25-23:05:54 - 💡 Setting magsafe color to green
07/21/25-23:05:54 - setting LED to green
Error: SMCWriteKey() = e00002bc
07/21/25-23:06:54 - Charge above 80
07/21/25-23:06:54 - MagSafe LED function invoked
07/21/25-23:06:54 - 💡 Setting magsafe color to green
07/21/25-23:06:54 - setting LED to green
Error: SMCWriteKey() = e00002bc
07/21/25-23:07:54 - Charge above 80
07/21/25-23:07:55 - MagSafe LED function invoked
07/21/25-23:07:55 - 💡 Setting magsafe color to green
07/21/25-23:07:55 - setting LED to green
Error: SMCWriteKey() = e00002bc
07/21/25-23:08:55 - Charge above 80
07/21/25-23:08:55 - MagSafe LED function invoked
07/21/25-23:08:55 - 💡 Setting magsafe color to green
07/21/25-23:08:55 - setting LED to green
Error: SMCWriteKey() = e00002bc
07/21/25-23:09:55 - Charge above 80
07/21/25-23:09:55 - MagSafe LED function invoked
07/21/25-23:09:55 - 💡 Setting magsafe color to green
07/21/25-23:09:55 - setting LED to green
Error: SMCWriteKey() = e00002bc
07/21/25-23:10:55 - Charge above 80
07/21/25-23:10:55 - MagSafe LED function invoked
07/21/25-23:10:55 - 💡 Setting magsafe color to green
07/21/25-23:10:55 - setting LED to green
Error: SMCWriteKey() = e00002bc
07/21/25-23:11:55 - Charge above 80
07/21/25-23:11:55 - MagSafe LED function invoked
07/21/25-23:11:55 - 💡 Setting magsafe color to green
07/21/25-23:11:55 - setting LED to green
Error: SMCWriteKey() = e00002bc
07/21/25-23:12:55 - Charge above 80
07/21/25-23:12:55 - MagSafe LED function invoked
07/21/25-23:12:55 - 💡 Setting magsafe color to green
07/21/25-23:12:55 - setting LED to green
Error: SMCWriteKey() = e00002bc
07/21/25-23:13:55 - Charge above 80
07/21/25-23:13:55 - MagSafe LED function invoked
07/21/25-23:13:55 - 💡 Setting magsafe color to green
07/21/25-23:13:55 - setting LED to green
Error: SMCWriteKey() = e00002bc
07/21/25-23:14:56 - Charge above 80
07/21/25-23:14:56 - MagSafe LED function invoked
07/21/25-23:14:56 - 💡 Setting magsafe color to green
07/21/25-23:14:56 - setting LED to green
Error: SMCWriteKey() = e00002bc
07/21/25-23:15:56 - Charge above 80
07/21/25-23:15:56 - MagSafe LED function invoked
07/21/25-23:15:56 - 💡 Setting magsafe color to green
07/21/25-23:15:56 - setting LED to green
Error: SMCWriteKey() = e00002bc
07/21/25-23:16:56 - Charge above 80
07/21/25-23:16:56 - MagSafe LED function invoked
07/21/25-23:16:56 - 💡 Setting magsafe color to green
07/21/25-23:16:56 - setting LED to green
Error: SMCWriteKey() = e00002bc
07/21/25-23:17:56 - Charge above 80
07/21/25-23:17:56 - MagSafe LED function invoked
07/21/25-23:17:56 - 💡 Setting magsafe color to green
07/21/25-23:17:56 - setting LED to green
Error: SMCWriteKey() = e00002bc
07/21/25-23:18:56 - Charge above 80
07/21/25-23:18:56 - MagSafe LED function invoked
07/21/25-23:18:56 - 💡 Setting magsafe color to green
07/21/25-23:18:56 - setting LED to green
Error: SMCWriteKey() = e00002bc
07/21/25-23:19:56 - Charge above 80
07/21/25-23:19:56 - MagSafe LED function invoked
07/21/25-23:19:56 - 💡 Setting magsafe color to green
07/21/25-23:19:56 - setting LED to green
Error: SMCWriteKey() = e00002bc
07/21/25-23:20:56 - Charge above 80
07/21/25-23:20:56 - MagSafe LED function invoked
07/21/25-23:20:56 - 💡 Setting magsafe color to green
07/21/25-23:20:56 - setting LED to green
Error: SMCWriteKey() = e00002bc
07/21/25-23:21:57 - Charge above 80
07/21/25-23:21:57 - MagSafe LED function invoked
07/21/25-23:21:57 - 💡 Setting magsafe color to green
07/21/25-23:21:57 - setting LED to green
Error: SMCWriteKey() = e00002bc
07/21/25-23:22:57 - Charge above 80
07/21/25-23:22:57 - MagSafe LED function invoked
07/21/25-23:22:57 - 💡 Setting magsafe color to green
07/21/25-23:22:57 - setting LED to green
Error: SMCWriteKey() = e00002bc
07/21/25-23:23:57 - Charge above 80
07/21/25-23:23:57 - MagSafe LED function invoked
07/21/25-23:23:57 - 💡 Setting magsafe color to green
07/21/25-23:23:57 - setting LED to green
Error: SMCWriteKey() = e00002bc
07/21/25-23:24:57 - Charge above 80
07/21/25-23:24:57 - MagSafe LED function invoked
07/21/25-23:24:57 - 💡 Setting magsafe color to green
07/21/25-23:24:57 - setting LED to green
Error: SMCWriteKey() = e00002bc
07/21/25-23:25:57 - Charge above 80
07/21/25-23:25:57 - MagSafe LED function invoked
07/21/25-23:25:57 - 💡 Setting magsafe color to green
07/21/25-23:25:57 - setting LED to green
Error: SMCWriteKey() = e00002bc
07/21/25-23:26:57 - Charge above 80
07/21/25-23:26:57 - MagSafe LED function invoked
07/21/25-23:26:57 - 💡 Setting magsafe color to green
07/21/25-23:26:57 - setting LED to green
Error: SMCWriteKey() = e00002bc
07/21/25-23:27:57 - Charge above 80
07/21/25-23:27:57 - MagSafe LED function invoked
07/21/25-23:27:57 - 💡 Setting magsafe color to green
07/21/25-23:27:57 - setting LED to green
Error: SMCWriteKey() = e00002bc
07/21/25-23:28:58 - Charge above 80
07/21/25-23:28:58 - MagSafe LED function invoked
07/21/25-23:28:58 - 💡 Setting magsafe color to green
07/21/25-23:28:58 - setting LED to green
Error: SMCWriteKey() = e00002bc
07/21/25-23:29:58 - Charge above 80
07/21/25-23:29:58 - MagSafe LED function invoked
07/21/25-23:29:58 - 💡 Setting magsafe color to green
07/21/25-23:29:58 - setting LED to green
Error: SMCWriteKey() = e00002bc
07/21/25-23:30:58 - Charge above 80
07/21/25-23:30:58 - MagSafe LED function invoked
07/21/25-23:30:58 - 💡 Setting magsafe color to green
07/21/25-23:30:58 - setting LED to green
Error: SMCWriteKey() = e00002bc
07/21/25-23:31:58 - Charge above 80
07/21/25-23:31:58 - MagSafe LED function invoked
07/21/25-23:31:58 - 💡 Setting magsafe color to green
07/21/25-23:31:58 - setting LED to green
Error: SMCWriteKey() = e00002bc
07/21/25-23:32:58 - Charge above 80
07/21/25-23:32:58 - MagSafe LED function invoked
07/21/25-23:32:58 - 💡 Setting magsafe color to green
07/21/25-23:32:58 - setting LED to green
Error: SMCWriteKey() = e00002bc
07/21/25-23:33:58 - Charge above 80
07/21/25-23:33:58 - MagSafe LED function invoked
07/21/25-23:33:58 - 💡 Setting magsafe color to green
07/21/25-23:33:58 - setting LED to green
Error: SMCWriteKey() = e00002bc
07/21/25-23:34:59 - Charge above 80
07/21/25-23:34:59 - MagSafe LED function invoked
07/21/25-23:34:59 - 💡 Setting magsafe color to green
07/21/25-23:34:59 - setting LED to green
Error: SMCWriteKey() = e00002bc
07/21/25-23:35:59 - Charge above 80
07/21/25-23:35:59 - MagSafe LED function invoked
07/21/25-23:35:59 - 💡 Setting magsafe color to green
07/21/25-23:35:59 - setting LED to green
Error: SMCWriteKey() = e00002bc
07/21/25-23:36:59 - Charge above 80
07/21/25-23:36:59 - MagSafe LED function invoked
07/21/25-23:36:59 - 💡 Setting magsafe color to green
07/21/25-23:36:59 - setting LED to green
Error: SMCWriteKey() = e00002bc
07/21/25-23:37:59 - Charge above 80
07/21/25-23:37:59 - MagSafe LED function invoked
07/21/25-23:37:59 - 💡 Setting magsafe color to green
07/21/25-23:37:59 - setting LED to green
Error: SMCWriteKey() = e00002bc
07/21/25-23:38:59 - Charge above 80
07/21/25-23:38:59 - MagSafe LED function invoked
07/21/25-23:38:59 - 💡 Setting magsafe color to green
07/21/25-23:38:59 - setting LED to green
Error: SMCWriteKey() = e00002bc
07/21/25-23:39:59 - Charge above 80
07/21/25-23:39:59 - MagSafe LED function invoked
07/21/25-23:39:59 - 💡 Setting magsafe color to green
07/21/25-23:39:59 - setting LED to green
Error: SMCWriteKey() = e00002bc
07/21/25-23:40:59 - Charge above 80
07/21/25-23:40:59 - MagSafe LED function invoked
07/21/25-23:41:00 - 💡 Setting magsafe color to green
07/21/25-23:41:00 - setting LED to green
Error: SMCWriteKey() = e00002bc
07/21/25-23:42:00 - Charge above 80
07/21/25-23:42:00 - MagSafe LED function invoked
07/21/25-23:42:00 - 💡 Setting magsafe color to green
07/21/25-23:42:00 - setting LED to green
Error: SMCWriteKey() = e00002bc
07/21/25-23:43:00 - Charge above 80
07/21/25-23:43:00 - MagSafe LED function invoked
07/21/25-23:43:00 - 💡 Setting magsafe color to green
07/21/25-23:43:00 - setting LED to green
Error: SMCWriteKey() = e00002bc
07/21/25-23:44:00 - Charge above 80
07/21/25-23:44:00 - MagSafe LED function invoked
07/21/25-23:44:00 - 💡 Setting magsafe color to green
07/21/25-23:44:00 - setting LED to green
Error: SMCWriteKey() = e00002bc
07/21/25-23:45:00 - Charge above 80
07/21/25-23:45:00 - MagSafe LED function invoked
07/21/25-23:45:00 - 💡 Setting magsafe color to green
07/21/25-23:45:00 - setting LED to green
Error: SMCWriteKey() = e00002bc
07/21/25-23:46:00 - Charge above 80
07/21/25-23:46:00 - MagSafe LED function invoked
07/21/25-23:46:00 - 💡 Setting magsafe color to green
07/21/25-23:46:00 - setting LED to green
Error: SMCWriteKey() = e00002bc
07/21/25-23:47:00 - Charge above 80
07/21/25-23:47:00 - MagSafe LED function invoked
07/21/25-23:47:00 - 💡 Setting magsafe color to green
07/21/25-23:47:00 - setting LED to green
Error: SMCWriteKey() = e00002bc
07/21/25-23:48:01 - Charge above 80
07/21/25-23:48:01 - MagSafe LED function invoked
07/21/25-23:48:01 - 💡 Setting magsafe color to green
07/21/25-23:48:01 - setting LED to green
Error: SMCWriteKey() = e00002bc
07/21/25-23:49:01 - Charge above 80
07/21/25-23:49:01 - MagSafe LED function invoked
07/21/25-23:49:01 - 💡 Setting magsafe color to green
07/21/25-23:49:01 - setting LED to green
Error: SMCWriteKey() = e00002bc
07/21/25-23:50:01 - Charge above 80
07/21/25-23:50:01 - MagSafe LED function invoked
07/21/25-23:50:01 - 💡 Setting magsafe color to green
07/21/25-23:50:01 - setting LED to green
Error: SMCWriteKey() = e00002bc
07/21/25-23:51:01 - Charge above 80
07/21/25-23:51:01 - MagSafe LED function invoked
07/21/25-23:51:01 - 💡 Setting magsafe color to green
07/21/25-23:51:01 - setting LED to green
Error: SMCWriteKey() = e00002bc
07/21/25-23:52:01 - Charge above 80
07/21/25-23:52:01 - MagSafe LED function invoked
07/21/25-23:52:01 - 💡 Setting magsafe color to green
07/21/25-23:52:01 - setting LED to green
Error: SMCWriteKey() = e00002bc
07/21/25-23:53:02 - Charge above 80
07/21/25-23:53:02 - MagSafe LED function invoked
07/21/25-23:53:02 - 💡 Setting magsafe color to green
07/21/25-23:53:02 - setting LED to green
Error: SMCWriteKey() = e00002bc
07/21/25-23:54:02 - Charge above 80
07/21/25-23:54:02 - MagSafe LED function invoked
07/21/25-23:54:02 - 💡 Setting magsafe color to green
07/21/25-23:54:02 - setting LED to green
Error: SMCWriteKey() = e00002bc
07/21/25-23:55:02 - Charge above 80
07/21/25-23:55:02 - MagSafe LED function invoked
07/21/25-23:55:02 - 💡 Setting magsafe color to green
07/21/25-23:55:02 - setting LED to green
Error: SMCWriteKey() = e00002bc
07/21/25-23:56:02 - Charge above 80
07/21/25-23:56:02 - MagSafe LED function invoked
07/21/25-23:56:02 - 💡 Setting magsafe color to green
07/21/25-23:56:02 - setting LED to green
Error: SMCWriteKey() = e00002bc
07/21/25-23:57:02 - Charge above 80
07/21/25-23:57:02 - MagSafe LED function invoked
07/21/25-23:57:02 - 💡 Setting magsafe color to green
07/21/25-23:57:02 - setting LED to green
Error: SMCWriteKey() = e00002bc
07/21/25-23:58:02 - Charge above 80
07/21/25-23:58:02 - MagSafe LED function invoked
07/21/25-23:58:02 - 💡 Setting magsafe color to green
07/21/25-23:58:02 - setting LED to green
Error: SMCWriteKey() = e00002bc
07/21/25-23:59:02 - Charge above 80
07/21/25-23:59:02 - MagSafe LED function invoked
07/21/25-23:59:02 - 💡 Setting magsafe color to green
07/21/25-23:59:02 - setting LED to green
Error: SMCWriteKey() = e00002bc
07/22/25-00:00:03 - Charge above 80
07/22/25-00:00:03 - MagSafe LED function invoked
07/22/25-00:00:03 - 💡 Setting magsafe color to green
07/22/25-00:00:03 - setting LED to green
Error: SMCWriteKey() = e00002bc
07/22/25-00:01:03 - Charge above 80
07/22/25-00:01:03 - MagSafe LED function invoked
07/22/25-00:01:03 - 💡 Setting magsafe color to green
07/22/25-00:01:03 - setting LED to green
Error: SMCWriteKey() = e00002bc
07/22/25-00:02:03 - Charge above 80
07/22/25-00:02:03 - MagSafe LED function invoked
07/22/25-00:02:03 - 💡 Setting magsafe color to green
07/22/25-00:02:03 - setting LED to green
Error: SMCWriteKey() = e00002bc
